<?xml version="1.0" encoding="UTF-8"?>
<testsuite xmlns:xsi="http://www.w3.org/2001/XMLSchema-instance" xsi:noNamespaceSchemaLocation="https://maven.apache.org/surefire/maven-surefire-plugin/xsd/surefire-test-report-3.0.xsd" version="3.0" name="com.hrms.runners.APIRunner" time="2.805" tests="2" errors="0" skipped="0" failures="0">
  <properties>
[...]
</properties>
  <testcase name="Creating an employee" classname="Syntax HRMS API Workflow" time="1.952">
    <system-out><![CDATA[
@APIworkflow
Scenario: Creating an employee                                                                         &amp#27;[90m# src/test/resources/features/APIworkflow.feature:10&amp#27;[0m
{
    "token": "eyJ0eXAiOiJKV1QiLCJhbGciOiJIUzI1NiJ9.eyJpYXQiOjE2NTMwOTcyOTgsImlzcyI6ImxvY2FsaG9zdCIsImV4cCI6MTY1MzE0MDQ5OCwidXNlcklkIjoiMzc0MCJ9.0i_H6b4ZD1W12b0MNIBDf08wZ28l3dYVkuuhv1sUHN8"
}
  &amp#27;[32mGiven &amp#27;[0m&amp#27;[32ma JWT is generated&amp#27;[0m                                                                             &amp#27;[90m# com.hrms.Api.Final.steps.GenerateTokenSteps.a_JWT_is_generated()&amp#27;[0m
  &amp#27;[32mGiven &amp#27;[0m&amp#27;[32ma request is prepared to create an employee&amp#27;[0m                                                    &amp#27;[90m# com.hrms.Api.Final.steps.APIFinalSteps.a_request_is_prepared_to_create_an_employee()&amp#27;[0m
Request method:	POST
Request URI:	http://3.237.189.167/syntaxapi/api/createEmployee.php
Proxy:			<none>
Request params:	<none>
Query params:	<none>
Form params:	<none>
Path params:	<none>
Headers:		Authorization=Bearer eyJ0eXAiOiJKV1QiLCJhbGciOiJIUzI1NiJ9.eyJpYXQiOjE2NTMwOTcyOTgsImlzcyI6ImxvY2FsaG9zdCIsImV4cCI6MTY1MzE0MDQ5OCwidXNlcklkIjoiMzc0MCJ9.0i_H6b4ZD1W12b0MNIBDf08wZ28l3dYVkuuhv1sUHN8
				Accept=*/*
				Content-Type=application/json; charset=UTF-8
Cookies:		<none>
Multiparts:		<none>
Body:
{
    "emp_firstname": "Elya",
    "emp_lastname": "Satim",
    "emp_middle_name": "S",
    "emp_gender": "F",
    "emp_birthday": "1987-04-26",
    "emp_status": "Freelance",
    "emp_job_title": "Cloud Consultant"
}
  &amp#27;[32mWhen &amp#27;[0m&amp#27;[32ma POST call is made to create an employee&amp#27;[0m                                                       &amp#27;[90m# com.hrms.Api.Final.steps.APIFinalSteps.a_POST_call_is_made_to_create_an_employee()&amp#27;[0m
  &amp#27;[32mThen &amp#27;[0m&amp#27;[32mthe status code for creating an employee is &amp#27;[0m&amp#27;[32m&amp#27;[1m201&amp#27;[0m                                                 &amp#27;[90m# com.hrms.Api.Final.steps.APIFinalSteps.the_status_code_for_creating_an_employee_is(int)&amp#27;[0m
  &amp#27;[32mAnd &amp#27;[0m&amp#27;[32mthe employee is created contains key &amp#27;[0m&amp#27;[32m&amp#27;[1m"Message"&amp#27;[0m&amp#27;[32m and value &amp#27;[0m&amp#27;[32m&amp#27;[1m"Employee Created"&amp#27;[0m                      &amp#27;[90m# com.hrms.Api.Final.steps.APIFinalSteps.the_employee_is_created_contains_key_and_value(java.lang.String,java.lang.String)&amp#27;[0m
  &amp#27;[32mAnd &amp#27;[0m&amp#27;[32mthe employee ID &amp#27;[0m&amp#27;[32m&amp#27;[1m"Employee.employee_id"&amp#27;[0m&amp#27;[32m is stored as a global variable to be used for other calls&amp#27;[0m &amp#27;[90m# com.hrms.Api.Final.steps.APIFinalSteps.the_employee_ID_is_stored_as_a_global_variable_to_be_used_for_other_calls(java.lang.String)&amp#27;[0m
]]></system-out>
    <system-err><![CDATA[May 20, 2022 9:41:37 PM io.cucumber.junit.Cucumber <init>
WARNING: By default Cucumber is running in --non-strict mode.
This default will change to --strict and --non-strict will be removed.
You can use --strict or @CucumberOptions(strict = true) to suppress this warning
SLF4J: Failed to load class "org.slf4j.impl.StaticLoggerBinder".
SLF4J: Defaulting to no-operation (NOP) logger implementation
SLF4J: See http://www.slf4j.org/codes.html#StaticLoggerBinder for further details.
]]></system-err>
  </testcase>
  <testcase name="Retrieving created employee" classname="Syntax HRMS API Workflow" time="0.556">
    <system-out><![CDATA[
@APIworkflow
Scenario: Retrieving created employee                                                                          &amp#27;[90m# src/test/resources/features/APIworkflow.feature:17&amp#27;[0m
{
    "token": "eyJ0eXAiOiJKV1QiLCJhbGciOiJIUzI1NiJ9.eyJpYXQiOjE2NTMwOTcyOTksImlzcyI6ImxvY2FsaG9zdCIsImV4cCI6MTY1MzE0MDQ5OSwidXNlcklkIjoiMzc0MCJ9.NqnB9of2cm77ShC0vX8edKd3zaqF2roIsV_8_vRBK-c"
}
  &amp#27;[32mGiven &amp#27;[0m&amp#27;[32ma JWT is generated&amp#27;[0m                                                                                     &amp#27;[90m# com.hrms.Api.Final.steps.GenerateTokenSteps.a_JWT_is_generated()&amp#27;[0m
  &amp#27;[32mGiven &amp#27;[0m&amp#27;[32ma request is prepared to retrieve the created employee&amp#27;[0m                                                 &amp#27;[90m# com.hrms.Api.Final.steps.APIFinalSteps.a_request_is_prepared_to_retrieve_the_created_employee()&amp#27;[0m
  &amp#27;[32mWhen &amp#27;[0m&amp#27;[32ma GET call is made to retrieve the created employee&amp#27;[0m                                                     &amp#27;[90m# com.hrms.Api.Final.steps.APIFinalSteps.a_GET_call_is_made_to_retrieve_the_created_employee()&amp#27;[0m
  &amp#27;[32mThen &amp#27;[0m&amp#27;[32mthe status code for retrieving the created employee &amp#27;[0m&amp#27;[32m&amp#27;[1m200&amp#27;[0m                                                 &amp#27;[90m# com.hrms.Api.Final.steps.APIFinalSteps.the_status_code_for_retrieving_the_created_employee(int)&amp#27;[0m
  &amp#27;[32mAnd &amp#27;[0m&amp#27;[32mthe retrieved employee ID &amp#27;[0m&amp#27;[32m&amp#27;[1m"employee.employee_id"&amp#27;[0m&amp#27;[32m matches the globally stored employee ID&amp#27;[0m                 &amp#27;[90m# com.hrms.Api.Final.steps.APIFinalSteps.the_retrieved_employee_ID_matches_the_globally_stored_employee_ID(java.lang.String)&amp#27;[0m
  &amp#27;[32mAnd &amp#27;[0m&amp#27;[32mthe retrieved at &amp#27;[0m&amp#27;[32m&amp#27;[1m"employee"&amp#27;[0m&amp#27;[32m data matches the data used to create an employee with &amp#27;[0m&amp#27;[32m&amp#27;[1m"employee.employee_id"&amp#27;[0m &amp#27;[90m# com.hrms.Api.Final.steps.APIFinalSteps.the_retrieved_at_data_matches_the_data_used_to_create_an_employee_with(java.lang.String,java.lang.String,io.cucumber.datatable.DataTable)&amp#27;[0m
]]></system-out>
  </testcase>
</testsuite>